<?xml version="1.0" encoding="UTF-8" ?>
<testsuite tests="0" failures="0" name="maven_pkg.mvn12.AppTest" time="0" errors="0" skipped="0">
  <properties>
    <property name="java.runtime.name" value="Java(TM) SE Runtime Environment"/>
    <property name="sun.boot.library.path" value="C:\Program Files (x86)\Java\jre1.8.0_73\bin"/>
    <property name="java.vm.version" value="25.73-b02"/>
    <property name="java.vm.vendor" value="Oracle Corporation"/>
    <property name="java.vendor.url" value="http://java.oracle.com/"/>
    <property name="path.separator" value=";"/>
    <property name="guice.disable.misplaced.annotation.check" value="true"/>
    <property name="java.vm.name" value="Java HotSpot(TM) Client VM"/>
    <property name="file.encoding.pkg" value="sun.io"/>
    <property name="user.script" value=""/>
    <property name="user.country" value="US"/>
    <property name="sun.java.launcher" value="SUN_STANDARD"/>
    <property name="sun.os.patch.level" value=""/>
    <property name="java.vm.specification.name" value="Java Virtual Machine Specification"/>
    <property name="user.dir" value="D:\Workspace_10Am\Selenium_10AM\mvn_proj\mvn12"/>
    <property name="java.runtime.version" value="1.8.0_73-b02"/>
    <property name="java.awt.graphicsenv" value="sun.awt.Win32GraphicsEnvironment"/>
    <property name="java.endorsed.dirs" value="C:\Program Files (x86)\Java\jre1.8.0_73\lib\endorsed"/>
    <property name="os.arch" value="x86"/>
    <property name="java.io.tmpdir" value="C:\Users\qedge\AppData\Local\Temp\"/>
    <property name="line.separator" value="
"/>
    <property name="java.vm.specification.vendor" value="Oracle Corporation"/>
    <property name="user.variant" value=""/>
    <property name="os.name" value="Windows 7"/>
    <property name="classworlds.conf" value="D:\Workspace_10Am\.metadata\.plugins\org.eclipse.m2e.launching\launches\m2conf5364934083346420214.tmp"/>
    <property name="sun.jnu.encoding" value="Cp1252"/>
    <property name="java.library.path" value="C:\Program Files (x86)\Java\jre1.8.0_73\bin;C:\Windows\Sun\Java\bin;C:\Windows\system32;C:\Windows;C:/Program Files (x86)/Java/jre1.8.0_73/bin/client;C:/Program Files (x86)/Java/jre1.8.0_73/bin;C:/Program Files (x86)/Java/jre1.8.0_73/lib/i386;C:\ProgramData\Oracle\Java\javapath;C:\Windows\system32;C:\Windows;C:\Windows\System32\Wbem;C:\Windows\System32\WindowsPowerShell\v1.0\;C:\Program Files (x86)\Java\jdk1.7.0_79\bin;C:\JarFiles-master\apache-ant-1.9.6\bin;C:\Program Files (x86)\HP\Unified Functional Testing\bin;C:\Users\qedge\Desktop\apache-ant-1.9.6\bin\bin;C:\Users\qedge\Desktop\apache-ant-1.9.6\bin;\bin;C:\Users\qedge\Desktop\apache-ant-1.9.6\bin;C:\Program Files (x86)\Java\jdk1.7.0_79/bin;C:\Users\qedge\Downloads\apache-maven-3.3.9-bin\apache-maven-3.3.9/bin;D:\apache-ant-1.9.6\bin;D:\apache-ant-1.9.6\bin;C:\Program Files (x86)\Java\jdk1.7.0_79\bin;D:\apache-maven-3.3.9\bin;D:\kittu1\apache-maven-3.3.9\bin;C:\Users\qedge\Desktop\apache-maven-3.3.9\bin;D:\apache-maven-3.3.9\bin;C:\Program Files\Java\jdk1.7.0_79\bin;D:\apache-maven-3.3.9\bin;C:\Users\qedge\Downloads\apache-ant-1.9.6-bin(1)\apache-ant-1.9.6\bin\bin;D:\apache-maven-3.3.9\bin;C:\Program Files (x86)\Microsoft SQL Server\100\Tools\Binn\;C:\Program Files (x86)\Microsoft SQL Server\100\DTS\Binn\;C:\Program Files (x86)\Microsoft SQL Server\100\Tools\Binn\VSShell\Common7\IDE\;C:\Program Files (x86)\Microsoft Visual Studio 9.0\Common7\IDE\PrivateAssemblies\;C:\eclipse;;."/>
    <property name="java.specification.name" value="Java Platform API Specification"/>
    <property name="java.class.version" value="52.0"/>
    <property name="sun.management.compiler" value="HotSpot Client Compiler"/>
    <property name="os.version" value="6.1"/>
    <property name="user.home" value="C:\Users\qedge"/>
    <property name="user.timezone" value="Asia/Calcutta"/>
    <property name="java.awt.printerjob" value="sun.awt.windows.WPrinterJob"/>
    <property name="java.specification.version" value="1.8"/>
    <property name="file.encoding" value="Cp1252"/>
    <property name="user.name" value="qedge"/>
    <property name="java.class.path" value="/C:/eclipse/plugins/org.eclipse.m2e.maven.runtime_1.5.1.20150109-1819/jars/plexus-classworlds-2.5.1.jar"/>
    <property name="org.slf4j.simpleLogger.defaultLogLevel" value="info"/>
    <property name="java.vm.specification.version" value="1.8"/>
    <property name="sun.arch.data.model" value="32"/>
    <property name="java.home" value="C:\Program Files (x86)\Java\jre1.8.0_73"/>
    <property name="sun.java.command" value="org.codehaus.plexus.classworlds.launcher.Launcher -B test"/>
    <property name="java.specification.vendor" value="Oracle Corporation"/>
    <property name="user.language" value="en"/>
    <property name="awt.toolkit" value="sun.awt.windows.WToolkit"/>
    <property name="java.vm.info" value="mixed mode"/>
    <property name="java.version" value="1.8.0_73"/>
    <property name="java.ext.dirs" value="C:\Program Files (x86)\Java\jre1.8.0_73\lib\ext;C:\Windows\Sun\Java\lib\ext"/>
    <property name="sun.boot.class.path" value="C:\Program Files (x86)\Java\jre1.8.0_73\lib\resources.jar;C:\Program Files (x86)\Java\jre1.8.0_73\lib\rt.jar;C:\Program Files (x86)\Java\jre1.8.0_73\lib\sunrsasign.jar;C:\Program Files (x86)\Java\jre1.8.0_73\lib\jsse.jar;C:\Program Files (x86)\Java\jre1.8.0_73\lib\jce.jar;C:\Program Files (x86)\Java\jre1.8.0_73\lib\charsets.jar;C:\Program Files (x86)\Java\jre1.8.0_73\lib\jfr.jar;C:\Program Files (x86)\Java\jre1.8.0_73\classes"/>
    <property name="java.vendor" value="Oracle Corporation"/>
    <property name="maven.home" value="D:\Workspace_10Am\Selenium_10AM\mvn_proj\mvn12\EMBEDDED"/>
    <property name="file.separator" value="\"/>
    <property name="java.vendor.url.bug" value="http://bugreport.sun.com/bugreport/"/>
    <property name="sun.cpu.endian" value="little"/>
    <property name="sun.io.unicode.encoding" value="UnicodeLittle"/>
    <property name="sun.desktop" value="windows"/>
    <property name="sun.cpu.isalist" value="pentium_pro+mmx pentium_pro pentium+mmx pentium i486 i386 i86"/>
  </properties>
</testsuite>