<?xml version="1.0" encoding="UTF-8"?>
<!-- Generated by org.testng.reporters.JUnitReportReporter -->
<testsuite hostname="qedge-PC" name="win_components.Fileupload_Robot" tests="1" failures="0" timestamp="27 Jun 2016 07:27:43 GMT" time="21.473" errors="0">
  <testcase name="fileUpload" time="21.473" classname="win_components.Fileupload_Robot"/>
</testsuite> <!-- win_components.Fileupload_Robot -->
