<?xml version="1.0" encoding="UTF-8"?>
<!-- Generated by org.testng.reporters.JUnitReportReporter -->
<testsuite hostname="qedge-PC" name="day2.Control" tests="1" failures="0" timestamp="25 Jun 2016 04:08:58 GMT" time="22.941" errors="0">
  <testcase name="f" time="22.941" classname="day2.Control"/>
</testsuite> <!-- day2.Control -->
