<?xml version="1.0" encoding="UTF-8"?>
<!-- Generated by org.testng.reporters.JUnitReportReporter -->
<testsuite hostname="qedge-PC" name="testng.NewTest" tests="2" failures="0" timestamp="25 Jun 2016 07:11:52 GMT" time="0.031" errors="0">
  <testcase name="z" time="0.015" classname="testng.NewTest"/>
  <testcase name="f" time="0.016" classname="testng.NewTest"/>
</testsuite> <!-- testng.NewTest -->
