<?xml version="1.0" encoding="UTF-8"?>
<!-- Generated by org.testng.reporters.JUnitReportReporter -->
<testsuite hostname="qedge-PC" name="day3.HiddenLinks" tests="1" failures="0" timestamp="25 Jun 2016 04:08:58 GMT" time="19.859" errors="0">
  <testcase name="f" time="19.859" classname="day3.HiddenLinks"/>
</testsuite> <!-- day3.HiddenLinks -->
