<?xml version="1.0" encoding="UTF-8"?>
<!-- Generated by org.testng.reporters.JUnitReportReporter -->
<testsuite hostname="qedge-PC" name="win_components.Savefile_Auto" tests="1" failures="0" timestamp="27 Jun 2016 06:39:53 GMT" time="20.786" errors="0">
  <testcase name="f" time="20.786" classname="win_components.Savefile_Auto"/>
</testsuite> <!-- win_components.Savefile_Auto -->
