<?xml version="1.0" encoding="UTF-8"?>
<!-- Generated by org.testng.reporters.JUnitReportReporter -->
<testsuite hostname="qedge-PC" name="testng.Radiobutton2" tests="1" failures="0" timestamp="25 Jun 2016 06:10:56 GMT" time="38.545" errors="0">
  <testcase name="f" time="38.545" classname="testng.Radiobutton2"/>
</testsuite> <!-- testng.Radiobutton2 -->
