<?xml version="1.0" encoding="UTF-8"?>
<!-- Generated by org.testng.reporters.JUnitReportReporter -->
<testsuite hostname="qedge-PC" name="win_components.Fileupload_Auto" tests="1" failures="0" timestamp="27 Jun 2016 07:14:23 GMT" time="21.808" errors="0">
  <testcase name="f" time="21.808" classname="win_components.Fileupload_Auto"/>
</testsuite> <!-- win_components.Fileupload_Auto -->
