<?xml version="1.0" encoding="UTF-8"?>
<!-- Generated by org.testng.reporters.JUnitReportReporter -->
<testsuite hostname="qedge-PC" name="day2.Link_testing" tests="1" failures="0" timestamp="25 Jun 2016 04:08:58 GMT" time="21.852" errors="0">
  <testcase name="f" time="21.852" classname="day2.Link_testing"/>
</testsuite> <!-- day2.Link_testing -->
