<?xml version="1.0" encoding="UTF-8"?>
<!-- Generated by org.testng.reporters.JUnitReportReporter -->
<testsuite hostname="qedge-PC" name="day3.Element_checking" tests="1" failures="0" timestamp="25 Jun 2016 04:08:58 GMT" time="12.766" errors="0">
  <testcase name="f" time="12.766" classname="day3.Element_checking"/>
</testsuite> <!-- day3.Element_checking -->
